804586710 TEMP=82.0
804586710 TEMP=81.8
804586710 TEMP=80.9
804586710 TEMP=81.4
804586710 TEMP=81.2
804586710 TEMP=80.5
804586710 TEMP=81.4
START
804586710 TEMP=80.9
804586710 TEMP=80.6
804586710 TEMP=81.7
804586710 TEMP=80.8
804586710 TEMP=81.5
804586710 TEMP=81.1
PERIOD=7
804586710 TEMP=81.8
804586710 TEMP=81.7
804586710 TEMP=81.5
804586710 TEMP=81.2
804586710 TEMP=81.2
804586710 TEMP=81.1
804586710 TEMP=81.1
DISP Y
804586710 TEMP=81.7
804586710 TEMP=80.6
804586710 TEMP=81.4
804586710 TEMP=81.1
804586710 TEMP=80.9
804586710 TEMP=81.1
804586710 TEMP=81.2
SCALE=C
804586710 TEMP=27.0
804586710 TEMP=27.3
804586710 TEMP=27.4
804586710 TEMP=27.3
804586710 TEMP=27.0
804586710 TEMP=27.3
804586710 TEMP=27.1
SCALE=F
804586710 TEMP=81.1
804586710 TEMP=80.5
804586710 TEMP=80.3
804586710 TEMP=80.2
804586710 TEMP=80.9
804586710 TEMP=80.8
804586710 TEMP=81.4
PERIOD=3
804586710 TEMP=81.1
804586710 TEMP=80.5
804586710 TEMP=81.2
STOP E I
804586710 TEMP=80.8
STOP
PERIOD=008
SCALE=A I
DISP N
STOP
SCALE=C
START
804586710 TEMP=27.3
804586710 TEMP=19.7
804586710 TEMP=27.1
804586710 TEMP=26.8
804586710 TEMP=27.3
804586710 TEMP=26.8
804586710 TEMP=27.0
804586710 TEMP=27.3
START E I
804586710 TEMP=27.2
804586710 TEMP=26.8
804586710 TEMP=27.2
804586710 TEMP=27.3
804586710 TEMP=26.8
804586710 TEMP=27.4
804586710 TEMP=26.8
804586710 TEMP=27.3
PERIOD=06
804586710 TEMP=27.2
804586710 TEMP=27.0
804586710 TEMP=27.0
804586710 TEMP=27.3
804586710 TEMP=26.6
804586710 TEMP=27.2
DISP Y
804586710 TEMP=27.1
804586710 TEMP=26.9
804586710 TEMP=26.8
804586710 TEMP=26.7
804586710 TEMP=27.2
804586710 TEMP=27.0
DISP M I
804586710 TEMP=26.5
804586710 TEMP=26.8
804586710 TEMP=26.8
804586710 TEMP=27.1
804586710 TEMP=27.1
804586710 TEMP=26.8
SCALE=C
804586710 TEMP=26.7
804586710 TEMP=26.8
804586710 TEMP=26.9
804586710 TEMP=27.1
804586710 TEMP=27.0
804586710 TEMP=27.1
START
804586710 TEMP=27.0
804586710 TEMP=26.8
804586710 TEMP=26.9
804586710 TEMP=26.9
804586710 TEMP=26.4
804586710 TEMP=26.6
SCALE=F
804586710 TEMP=80.2
804586710 TEMP=80.5
804586710 TEMP=80.0
804586710 TEMP=80.0
804586710 TEMP=80.6
804586710 TEMP=80.8
PERIOD=0004
804586710 TEMP=80.9
804586710 TEMP=80.9
804586710 TEMP=80.2
804586710 TEMP=80.2
STOP
OFF
