804586710 TEMP=80.5
804586710 TEMP=80.6
804586710 TEMP=80.0
804586710 TEMP=80.3
804586710 TEMP=80.8
804586710 TEMP=81.4
804586710 TEMP=81.2
START
804586710 TEMP=80.8
804586710 TEMP=80.5
804586710 TEMP=80.9
804586710 TEMP=80.0
804586710 TEMP=80.2
804586710 TEMP=79.9
PERIOD=7
804586710 TEMP=85.3
804586710 TEMP=88.5
804586710 TEMP=90.9
804586710 TEMP=91.4
804586710 TEMP=88.7
804586710 TEMP=86.8
804586710 TEMP=85.7
DISP Y
804586710 TEMP=84.2
804586710 TEMP=83.6
804586710 TEMP=83.0
804586710 TEMP=82.4
804586710 TEMP=82.6
804586710 TEMP=81.2
804586710 TEMP=81.2
SCALE=C
804586710 TEMP=27.3
804586710 TEMP=27.1
804586710 TEMP=26.9
804586710 TEMP=26.8
804586710 TEMP=26.9
804586710 TEMP=26.6
804586710 TEMP=26.3
SCALE=F
804586710 TEMP=80.0
804586710 TEMP=80.0
804586710 TEMP=87.4
804586710 TEMP=89.9
804586710 TEMP=90.9
804586710 TEMP=91.7
804586710 TEMP=92.0
PERIOD=3
804586710 TEMP=91.8
804586710 TEMP=92.8
804586710 TEMP=92.7
STOP E I
804586710 TEMP=92.5
STOP
PERIOD=008
SCALE=A I
DISP N
STOP
SCALE=C
START
804586710 TEMP=33.7
804586710 TEMP=25.7
804586710 TEMP=33.8
804586710 TEMP=33.7
804586710 TEMP=33.8
804586710 TEMP=34.0
804586710 TEMP=34.0
804586710 TEMP=33.9
START E I
804586710 TEMP=33.9
804586710 TEMP=34.0
804586710 TEMP=33.5
804586710 TEMP=33.8
804586710 TEMP=33.8
804586710 TEMP=33.9
804586710 TEMP=33.8
804586710 TEMP=33.8
PERIOD=06
804586710 TEMP=34.2
804586710 TEMP=34.1
804586710 TEMP=34.1
804586710 TEMP=33.9
804586710 TEMP=34.3
804586710 TEMP=34.8
DISP Y
804586710 TEMP=34.5
804586710 TEMP=34.4
804586710 TEMP=34.5
804586710 TEMP=34.8
804586710 TEMP=34.5
804586710 TEMP=34.5
DISP M I
804586710 TEMP=34.6
804586710 TEMP=34.8
804586710 TEMP=34.9
804586710 TEMP=34.6
804586710 TEMP=34.5
804586710 TEMP=34.4
SCALE=C
804586710 TEMP=34.7
804586710 TEMP=34.9
804586710 TEMP=34.8
804586710 TEMP=34.9
804586710 TEMP=35.1
804586710 TEMP=34.0
START
804586710 TEMP=32.4
804586710 TEMP=32.6
804586710 TEMP=32.6
804586710 TEMP=31.1
804586710 TEMP=30.9
804586710 TEMP=30.7
SCALE=F
804586710 TEMP=85.7
804586710 TEMP=85.9
804586710 TEMP=85.3
804586710 TEMP=85.3
804586710 TEMP=85.1
804586710 TEMP=84.5
PERIOD=0004
804586710 TEMP=84.4
804586710 TEMP=83.9
804586710 TEMP=83.9
804586710 TEMP=84.1
STOP
OFF
